make.exe all --print-data-base --no-builtin-variables --no-builtin-rules --question
# GNU Make 3.81
# Copyright (C) 2006  Free Software Foundation, Inc.
# This is free software; see the source for copying conditions.
# There is NO warranty; not even for MERCHANTABILITY or FITNESS FOR A
# PARTICULAR PURPOSE.

# This program built for i386-pc-mingw32
 

# Make data base, printed on Sun May 29 14:56:51 2022

# Variables

# automatic
<D = $(patsubst %/,%,$(dir $<))
# automatic
?F = $(notdir $?)
# makefile
MAKEFLAGS = Rrqp
# environment
VSCODE_LOG_NATIVE = false
# automatic
?D = $(patsubst %/,%,$(dir $?))
# automatic
@D = $(patsubst %/,%,$(dir $@))
# environment
HOMEDRIVE = C:
# automatic
@F = $(notdir $@)
# automatic
^D = $(patsubst %/,%,$(dir $^))
# makefile
CURDIR := z:/no-safe
# default
SHELL := sh.exe
# environment
WINDIR = C:\WINDOWS
# environment
VSCODE_NLS_CONFIG = {"locale":"en-gb","availableLanguages":{},"_languagePackSupport":true}
# environment
ONEDRIVE = C:\Users\Christopher Graham\OneDrive
# environment
PATHEXT = .COM;.EXE;.BAT;.CMD;.VBS;.VBE;.JS;.JSE;.WSF;.WSH;.MSC
# makefile
MAKEFILE_LIST := 
# environment
FPS_BROWSER_USER_PROFILE_STRING = Default
# environment
TMP = C:\Users\CHRIST~1\AppData\Local\Temp
# environment
VSCODE_VERBOSE_LOGGING = true
# environment
PROGRAMW6432 = C:\Program Files
# environment
PROGRAMDATA = C:\ProgramData
# environment
VSCODE_IPC_HOOK_EXTHOST = \\.\pipe\vscode-ipc-0f8ec49f-efc0-4169-a166-b5e255ec8f8e-sock
# environment
VSCODE_CWD = C:\Users\Christopher Graham\AppData\Local\Programs\Microsoft VS Code
# environment
PATH = C:\Program Files (x86)\Common Files\Oracle\Java\javapath;C:\Windows\system32;C:\Windows;C:\Windows\System32\Wbem;C:\Windows\System32\WindowsPowerShell\v1.0\;C:\Windows\System32\OpenSSH\;C:\Program Files\NVIDIA Corporation\NVIDIA NvDLISR;C:\Program Files (x86)\NVIDIA Corporation\PhysX\Common;C:\WINDOWS\system32;C:\WINDOWS;C:\WINDOWS\System32\Wbem;C:\WINDOWS\System32\WindowsPowerShell\v1.0\;C:\WINDOWS\System32\OpenSSH\;C:\Program Files\Git\cmd;C:\Program Files\NASM\;C:\Program Files\qemu;C:\Program Files\Docker\Docker\resources\bin;C:\ProgramData\DockerDesktop\version-bin;C:\MinGW\bin;C:\Program Files\CMake\bin;C:\Program Files (x86)\GnuWin32\bin;C:\Users\Christopher Graham\AppData\Local\Programs\Python\Python310\Scripts\;C:\Users\Christopher Graham\AppData\Local\Programs\Python\Python310\;C:\Users\Christopher Graham\AppData\Local\Microsoft\WindowsApps;;C:\Users\Christopher Graham\AppData\Local\Programs\Microsoft VS Code\bin;C:\ghcup\bin
# environment
COMMONPROGRAMW6432 = C:\Program Files\Common Files
# environment
GHCUP_INSTALL_BASE_PREFIX = C:\
# environment
PROCESSOR_ARCHITECTURE = x86
# environment
USERPROFILE = C:\Users\Christopher Graham
# environment
ALLUSERSPROFILE = C:\ProgramData
# environment
VSCODE_LOG_STACK = false
# environment
NUMBER_OF_PROCESSORS = 12
# environment
ELECTRON_RUN_AS_NODE = 1
# default
.FEATURES := target-specific order-only second-expansion else-if archives
# environment
CABAL_DIR = C:\cabal
# automatic
%F = $(notdir $%)
# environment
CHROME_CRASHPAD_PIPE_NAME = \\.\pipe\crashpad_3376_EMRCQJSCSOPUIZRH
# environment
VSCODE_PIPE_LOGGING = true
# environment
COMPUTERNAME = THE-SMALL-DESKT
# environment
PROGRAMFILES = C:\Program Files (x86)
# environment
DRIVERDATA = C:\Windows\System32\Drivers\DriverData
# environment
ORIGINAL_XDG_CURRENT_DESKTOP = undefined
# environment
USERNAME = 
 Christopher Graham
# environment
PUBLIC = C:\Users\Public
# environment
VSCODE_AMD_ENTRYPOINT = vs/workbench/api/node/extensionHostProcess
# environment
VSCODE_CODE_CACHE_PATH = C:\Users\Christopher Graham\AppData\Roaming\Code\CachedData\c3511e6c69bb39013c4a4b7b9566ec1ca73fc4d5
# environment
APPLICATION_INSIGHTS_NO_DIAGNOSTIC_CHANNEL = 1
# environment
COMMONPROGRAMFILES = C:\Program Files (x86)\Common Files
# environment
LOGONSERVER = \\THE-SMALL-DESKT
# environment
ONEDRIVECONSUMER = C:\Users\Christopher Graham\OneDrive
# environment
VSCODE_HANDLES_UNCAUGHT_ERRORS = true
# environment
USERDOMAIN = THE-SMALL-DESKT
# default
MAKE = $(MAKE_COMMAND)
# default
MAKECMDGOALS := all
# default
MAKE_VERSION := 3.81
# makefile
.DEFAULT_GOAL := 
# environment
PROGRAMFILES(X86) = C:\Program Files (x86)
# automatic
%D = $(patsubst %/,%,$(dir $%))
# environment
LOCALAPPDATA = C:\Users\Christopher Graham\AppData\Local
# environment
PSMODULEPATH = C:\Program Files\WindowsPowerShell\Modules;C:\WINDOWS\system32\WindowsPowerShell\v1.0\Modules
# default
MAKE_COMMAND := make.exe
# environment
PROCESSOR_ARCHITEW6432 = AMD64
# default
.VARIABLES := 
# automatic
*F = $(notdir $*)
# environment
PROCESSOR_IDENTIFIER = AMD64 Family 25 Model 33 Stepping 0, AuthenticAMD
# environment
OS = Windows_NT
# environment
VSCODE_IPC_HOOK = \\.\pipe\699ca32795d3ff9268d005a682cae75e-1.67.2-main-sock
# environment
HOMEPATH = \Users\Christopher Graham
# environment
COMMONPROGRAMFILES(X86) = C:\Program Files (x86)\Common Files
# environment
PROMPT = $P$G
# environment
MFLAGS = -Rrqp
# automatic
*D = $(patsubst %/,%,$(dir $*))
# environment
SYSTEMROOT = C:\WINDOWS
# automatic
+D = $(patsubst %/,%,$(dir $+))
# automatic
+F = $(notdir $+)
# environment
APPDATA = C:\Users\Christopher Graham\AppData\Roaming
# environment
TEMP = C:\Users\CHRIST~1\AppData\Local\Temp
# environment
COMSPEC = C:\WINDOWS\system32\cmd.exe
# default
MAKEFILES := 
# automatic
<F = $(notdir $<)
# environment
LC_ALL = C
# automatic
^F = $(notdir $^)
# default
SUFFIXES := 
# environment
SYSTEMDRIVE = C:
# environment
SESSIONNAME = Console
# environment
PROCESSOR_REVISION = 2100
# environment
MAKELEVEL := 0
# environment
LANG = C
# environment
PROCESSOR_LEVEL = 25
# environment
FPS_BROWSER_APP_PROFILE_STRING = Internet Explorer
# environment
VSCODE_PID = 3376
# environment
USERDOMAIN_ROAMINGPROFILE = THE-SMALL-DESKT
# variable set hash-table stats:
# Load=91/1024=9%, Rehash=0, Collisions=9/108=8%

# Pattern-specific Variable Values

# No pattern-specific variable values.

# Directories

# : 
 could not be stat'd.
# C:\Program Files\Docker\Docker\resources\bin (key C:/Program Files/Docker/Docker/resources/bin, mtime 1653538985): 13 files, no impossibilities.
# C:\Program Files\qemu (key C:/Program Files/qemu, mtime 1653554342): 157 files, no impossibilities.
# C:\Windows\System32\WindowsPowerShell\v1.0\ (key C:/Windows/System32/WindowsPowerShell/v1.0/, mtime 1622913053): 30 files, no impossibilities.
# C:\Windows\System32\Wbem (key C:/Windows/System32/Wbem, mtime 1653027821): 171 files, no impossibilities.
# . (key z:/no-safe, mtime 1653715116): 8 files, no impossibilities.
# C:\Program Files (x86)\NVIDIA Corporation\PhysX\Common (key C:/Program Files (x86)/NVIDIA Corporation/PhysX/Common, mtime 1644448855): 10 files, no impossibilities.
# C:\MinGW\bin (key C:/MinGW/bin, mtime 1653709690): 169 files, no impossibilities.
# C:\Program Files\NASM\ (key C:/Program Files/NASM/, mtime 1653537607): 18 files, no impossibilities.
# C:\Windows\System32\OpenSSH\: could not be stat'd.
# C:\Program Files (x86)\Common Files\Oracle\Java\javapath (key C:/Program Files (x86)/Common Files/Oracle/Java/javapath, mtime 1645948603): 5 files, no impossibilities.
# C:\Users\Christopher Graham\AppData\Local\Microsoft\WindowsApps (key C:/Users/Christopher Graham/AppData/Local/Microsoft/WindowsApps, mtime 1653781814): 24 files, no impossibilities.
# C:\Windows (key C:/Windows, mtime 1653027867): 126 files, no impossibilities.
# C:\Users\Christopher Graham\AppData\Local\Programs\Microsoft VS Code\bin (key C:/Users/Christopher  
Graham/AppData/Local/Programs/Microsoft VS Code/bin, mtime 1653271147): 4 files, no impossibilities.
# C:\Users\Christopher Graham\AppData\Local\Programs\Python\Python310\ (key C:/Users/Christopher Graham/AppData/Local/Programs/Python/Python310/, mtime 1652267929): 18 files, no impossibilities.
# C:\Users\Christopher Graham\AppData\Local\Programs\Python\Python310\Scripts\ (key C:/Users/Christopher Graham/AppData/Local/Programs/Python/Python310/Scripts/, mtime 1652267929): 5 files, no impossibilities.
# C:\ProgramData\DockerDesktop\version-bin: could not be stat'd.
# C:\Program Files\Git\cmd (key C:/Program Files/Git/cmd, mtime 1651549515): 8 files, no impossibilities.
# C:\Windows\system32 (key C:/Windows/system32, mtime 1653539532): 2987 files, no impossibilities.
# C:\Program Files\CMake\bin (key C:/Program Files/CMake/bin, mtime 1653712217): 7 files, no impossibilities.
# C:\ghcup\bin (key C:/ghcup/bin, mtime 1651735988): 94 files, no impossibilities.
# C:\Program Files\NVIDIA Corporation\NVIDIA NvDLISR (key C:/Program Files/NVIDIA Corporation/NVIDIA NvDLISR, mtime 1644448443): 5 files, no impossibilities.
# C:\Program Files (x86)\GnuWin32\bin (key C:/Program Files (x86)/GnuWin32/bin, mtime 1653712629): 5 files, no impossibilities.

# 3864 files, no impossibilities in 23 directories.

# Implicit Rules

# No implicit rules.

# Files

# Not a target:
all:
#  Command-line target.
#  Implicit rule search has been done.
#  File does not exist.
#  File has not been updated.
# variable set hash-table stats:
# Load= 
0/32=0%, Rehash=0, Collisions=0/0=0%

# Not a target:
.DEFAULT:
#  Implicit rule search has not been done.
#  Modification time never checked.
#  File has not been updated.

# Not a target:
makefile:
#  A default, MAKEFILES, or -include/sinclude makefile.
#  Implicit rule search has been done.
#  File does not exist.
#  File has been updated.
#  Failed to be updated.
# variable set hash-table stats:
# Load=0/32=0%, Rehash=0, Collisions=0/0=0%

# Not a target:
.SUFFIXES:
#  Implicit rule search has not been done.
#  Modification time never checked.
#  File has not been updated.

# Not a target:
GNUmakefile:
#  A default, MAKEFILES, or -include/sinclude makefile.
#  Implicit rule search has been done.
#  File does not exist.
#  File has been updated.
#  Failed to be updated.
# variable set hash-table stats:
# Load=0/32=0%, Rehash=0, Collisions=0/0=0%

# files hash-table stats:
# Load=5/1024=0%, Rehash=0, Collisions=0/16=0%
# VPATH Search Paths

# No `vpath' search paths.

# No general (`VPATH' variable) search path.

# # of strings in strcache: 0
# # of strcache buffers: 0
# strcache size: total = 0 / max = 0 / min = 4096 / avg = 0
# strcache free: total = 0 / max = 0 / min = 4096 / avg = 0

# Finished Make data base on Sun May 29 14:56:51 2022

 
make.exe: *** No rule to make target `all'.  Stop.

